  30.cpp
C:\Users\Danya\Documents\Programming\Practice\30\C++\30\Item.cpp(67,19): error C7555: для использования назначенных инициализаторов требуется по крайней мере "/std:c++latest"
C:\Users\Danya\Documents\Programming\Practice\30\C++\30\Item.cpp(73,19): error C7555: для использования назначенных инициализаторов требуется по крайней мере "/std:c++latest"
C:\Users\Danya\Documents\Programming\Practice\30\C++\30\Item.cpp(79,19): error C7555: для использования назначенных инициализаторов требуется по крайней мере "/std:c++latest"
C:\Users\Danya\Documents\Programming\Practice\30\C++\30\Item.cpp(85,19): error C7555: для использования назначенных инициализаторов требуется по крайней мере "/std:c++latest"
C:\Users\Danya\Documents\Programming\Practice\30\C++\30\Item.cpp(91,19): error C7555: для использования назначенных инициализаторов требуется по крайней мере "/std:c++latest"
C:\Users\Danya\Documents\Programming\Practice\30\C++\30\Item.cpp(97,19): error C7555: для использования назначенных инициализаторов требуется по крайней мере "/std:c++latest"
C:\Users\Danya\Documents\Programming\Practice\30\C++\30\Item.cpp(103,19): error C7555: для использования назначенных инициализаторов требуется по крайней мере "/std:c++latest"
C:\Users\Danya\Documents\Programming\Practice\30\C++\30\Item.cpp(109,19): error C7555: для использования назначенных инициализаторов требуется по крайней мере "/std:c++latest"
C:\Users\Danya\Documents\Programming\Practice\30\C++\30\Item.cpp(115,21): error C7555: для использования назначенных инициализаторов требуется по крайней мере "/std:c++latest"
C:\Users\Danya\Documents\Programming\Practice\30\C++\30\Item.cpp(121,21): error C7555: для использования назначенных инициализаторов требуется по крайней мере "/std:c++latest"
C:\Users\Danya\Documents\Programming\Practice\30\C++\30\Item.cpp(127,20): error C7555: для использования назначенных инициализаторов требуется по крайней мере "/std:c++latest"
C:\Users\Danya\Documents\Programming\Practice\30\C++\30\Item.cpp(133,19): error C7555: для использования назначенных инициализаторов требуется по крайней мере "/std:c++latest"
C:\Users\Danya\Documents\Programming\Practice\30\C++\30\Item.cpp(139,19): error C7555: для использования назначенных инициализаторов требуется по крайней мере "/std:c++latest"
C:\Users\Danya\Documents\Programming\Practice\30\C++\30\Item.cpp(145,19): error C7555: для использования назначенных инициализаторов требуется по крайней мере "/std:c++latest"
C:\Users\Danya\Documents\Programming\Practice\30\C++\30\Item.cpp(151,19): error C7555: для использования назначенных инициализаторов требуется по крайней мере "/std:c++latest"
C:\Users\Danya\Documents\Programming\Practice\30\C++\30\Item.cpp(157,19): error C7555: для использования назначенных инициализаторов требуется по крайней мере "/std:c++latest"
C:\Users\Danya\Documents\Programming\Practice\30\C++\30\Item.cpp(188,27): error C2039: "to_string": не является членом "std".
C:\Program Files (x86)\Microsoft Visual Studio\2019\Community\VC\Tools\MSVC\14.28.29333\include\iostream(19): message : см. объявление "std"
C:\Users\Danya\Documents\Programming\Practice\30\C++\30\Item.cpp(188,36): error C3861: to_string: идентификатор не найден
  Item.cpp
C:\Users\Danya\Documents\Programming\Practice\30\C++\30\Item.cpp(67,19): error C7555: для использования назначенных инициализаторов требуется по крайней мере "/std:c++latest"
C:\Users\Danya\Documents\Programming\Practice\30\C++\30\Item.cpp(73,19): error C7555: для использования назначенных инициализаторов требуется по крайней мере "/std:c++latest"
C:\Users\Danya\Documents\Programming\Practice\30\C++\30\Item.cpp(79,19): error C7555: для использования назначенных инициализаторов требуется по крайней мере "/std:c++latest"
C:\Users\Danya\Documents\Programming\Practice\30\C++\30\Item.cpp(85,19): error C7555: для использования назначенных инициализаторов требуется по крайней мере "/std:c++latest"
C:\Users\Danya\Documents\Programming\Practice\30\C++\30\Item.cpp(91,19): error C7555: для использования назначенных инициализаторов требуется по крайней мере "/std:c++latest"
C:\Users\Danya\Documents\Programming\Practice\30\C++\30\Item.cpp(97,19): error C7555: для использования назначенных инициализаторов требуется по крайней мере "/std:c++latest"
C:\Users\Danya\Documents\Programming\Practice\30\C++\30\Item.cpp(103,19): error C7555: для использования назначенных инициализаторов требуется по крайней мере "/std:c++latest"
C:\Users\Danya\Documents\Programming\Practice\30\C++\30\Item.cpp(109,19): error C7555: для использования назначенных инициализаторов требуется по крайней мере "/std:c++latest"
C:\Users\Danya\Documents\Programming\Practice\30\C++\30\Item.cpp(115,21): error C7555: для использования назначенных инициализаторов требуется по крайней мере "/std:c++latest"
C:\Users\Danya\Documents\Programming\Practice\30\C++\30\Item.cpp(121,21): error C7555: для использования назначенных инициализаторов требуется по крайней мере "/std:c++latest"
C:\Users\Danya\Documents\Programming\Practice\30\C++\30\Item.cpp(127,20): error C7555: для использования назначенных инициализаторов требуется по крайней мере "/std:c++latest"
C:\Users\Danya\Documents\Programming\Practice\30\C++\30\Item.cpp(133,19): error C7555: для использования назначенных инициализаторов требуется по крайней мере "/std:c++latest"
C:\Users\Danya\Documents\Programming\Practice\30\C++\30\Item.cpp(139,19): error C7555: для использования назначенных инициализаторов требуется по крайней мере "/std:c++latest"
C:\Users\Danya\Documents\Programming\Practice\30\C++\30\Item.cpp(145,19): error C7555: для использования назначенных инициализаторов требуется по крайней мере "/std:c++latest"
C:\Users\Danya\Documents\Programming\Practice\30\C++\30\Item.cpp(151,19): error C7555: для использования назначенных инициализаторов требуется по крайней мере "/std:c++latest"
C:\Users\Danya\Documents\Programming\Practice\30\C++\30\Item.cpp(157,19): error C7555: для использования назначенных инициализаторов требуется по крайней мере "/std:c++latest"
C:\Users\Danya\Documents\Programming\Practice\30\C++\30\Item.cpp(188,27): error C2039: "to_string": не является членом "std".
C:\Program Files (x86)\Microsoft Visual Studio\2019\Community\VC\Tools\MSVC\14.28.29333\include\ostream(20): message : см. объявление "std"
C:\Users\Danya\Documents\Programming\Practice\30\C++\30\Item.cpp(188,36): error C3861: to_string: идентификатор не найден
  LootBox.cpp
C:\Users\Danya\Documents\Programming\Practice\30\C++\30\Item.cpp(67,19): error C7555: для использования назначенных инициализаторов требуется по крайней мере "/std:c++latest"
C:\Users\Danya\Documents\Programming\Practice\30\C++\30\Item.cpp(73,19): error C7555: для использования назначенных инициализаторов требуется по крайней мере "/std:c++latest"
C:\Users\Danya\Documents\Programming\Practice\30\C++\30\Item.cpp(79,19): error C7555: для использования назначенных инициализаторов требуется по крайней мере "/std:c++latest"
C:\Users\Danya\Documents\Programming\Practice\30\C++\30\Item.cpp(85,19): error C7555: для использования назначенных инициализаторов требуется по крайней мере "/std:c++latest"
C:\Users\Danya\Documents\Programming\Practice\30\C++\30\Item.cpp(91,19): error C7555: для использования назначенных инициализаторов требуется по крайней мере "/std:c++latest"
C:\Users\Danya\Documents\Programming\Practice\30\C++\30\Item.cpp(97,19): error C7555: для использования назначенных инициализаторов требуется по крайней мере "/std:c++latest"
C:\Users\Danya\Documents\Programming\Practice\30\C++\30\Item.cpp(103,19): error C7555: для использования назначенных инициализаторов требуется по крайней мере "/std:c++latest"
C:\Users\Danya\Documents\Programming\Practice\30\C++\30\Item.cpp(109,19): error C7555: для использования назначенных инициализаторов требуется по крайней мере "/std:c++latest"
C:\Users\Danya\Documents\Programming\Practice\30\C++\30\Item.cpp(115,21): error C7555: для использования назначенных инициализаторов требуется по крайней мере "/std:c++latest"
C:\Users\Danya\Documents\Programming\Practice\30\C++\30\Item.cpp(121,21): error C7555: для использования назначенных инициализаторов требуется по крайней мере "/std:c++latest"
C:\Users\Danya\Documents\Programming\Practice\30\C++\30\Item.cpp(127,20): error C7555: для использования назначенных инициализаторов требуется по крайней мере "/std:c++latest"
C:\Users\Danya\Documents\Programming\Practice\30\C++\30\Item.cpp(133,19): error C7555: для использования назначенных инициализаторов требуется по крайней мере "/std:c++latest"
C:\Users\Danya\Documents\Programming\Practice\30\C++\30\Item.cpp(139,19): error C7555: для использования назначенных инициализаторов требуется по крайней мере "/std:c++latest"
C:\Users\Danya\Documents\Programming\Practice\30\C++\30\Item.cpp(145,19): error C7555: для использования назначенных инициализаторов требуется по крайней мере "/std:c++latest"
C:\Users\Danya\Documents\Programming\Practice\30\C++\30\Item.cpp(151,19): error C7555: для использования назначенных инициализаторов требуется по крайней мере "/std:c++latest"
C:\Users\Danya\Documents\Programming\Practice\30\C++\30\Item.cpp(157,19): error C7555: для использования назначенных инициализаторов требуется по крайней мере "/std:c++latest"
C:\Users\Danya\Documents\Programming\Practice\30\C++\30\Item.cpp(188,27): error C2039: "to_string": не является членом "std".
C:\Program Files (x86)\Microsoft Visual Studio\2019\Community\VC\Tools\MSVC\14.28.29333\include\ostream(20): message : см. объявление "std"
C:\Users\Danya\Documents\Programming\Practice\30\C++\30\Item.cpp(188,36): error C3861: to_string: идентификатор не найден
  Создание кода...
