  29.cpp
C:\Users\Danya\Documents\Programming\Practice\29\C++\29\29.cpp(94,25): warning C4244: аргумент: преобразование "time_t" в "unsigned int", возможна потеря данных
  better_table.cpp
C:\Users\Danya\Documents\Programming\Practice\29\C++\29\better_table.cpp(37,82): warning C4566: символ, представленный универсальным именем символа "\u2500", невозможно представить в текущей кодовой странице (1251)
C:\Users\Danya\Documents\Programming\Practice\29\C++\29\better_table.cpp(38,16): warning C4566: символ, представленный универсальным именем символа "\u250C", невозможно представить в текущей кодовой странице (1251)
C:\Users\Danya\Documents\Programming\Practice\29\C++\29\better_table.cpp(38,16): warning C4566: символ, представленный универсальным именем символа "\u2500", невозможно представить в текущей кодовой странице (1251)
C:\Users\Danya\Documents\Programming\Practice\29\C++\29\better_table.cpp(38,42): warning C4566: символ, представленный универсальным именем символа "\u2500", невозможно представить в текущей кодовой странице (1251)
C:\Users\Danya\Documents\Programming\Practice\29\C++\29\better_table.cpp(38,42): warning C4566: символ, представленный универсальным именем символа "\u252C", невозможно представить в текущей кодовой странице (1251)
C:\Users\Danya\Documents\Programming\Practice\29\C++\29\better_table.cpp(38,42): warning C4566: символ, представленный универсальным именем символа "\u2510", невозможно представить в текущей кодовой странице (1251)
C:\Users\Danya\Documents\Programming\Practice\29\C++\29\better_table.cpp(39,16): warning C4566: символ, представленный универсальным именем символа "\u2502", невозможно представить в текущей кодовой странице (1251)
C:\Users\Danya\Documents\Programming\Practice\29\C++\29\better_table.cpp(40,16): warning C4566: символ, представленный универсальным именем символа "\u2502", невозможно представить в текущей кодовой странице (1251)
C:\Users\Danya\Documents\Programming\Practice\29\C++\29\better_table.cpp(41,16): warning C4566: символ, представленный универсальным именем символа "\u251C", невозможно представить в текущей кодовой странице (1251)
C:\Users\Danya\Documents\Programming\Practice\29\C++\29\better_table.cpp(41,16): warning C4566: символ, представленный универсальным именем символа "\u2500", невозможно представить в текущей кодовой странице (1251)
C:\Users\Danya\Documents\Programming\Practice\29\C++\29\better_table.cpp(41,42): warning C4566: символ, представленный универсальным именем символа "\u2500", невозможно представить в текущей кодовой странице (1251)
C:\Users\Danya\Documents\Programming\Practice\29\C++\29\better_table.cpp(41,42): warning C4566: символ, представленный универсальным именем символа "\u253C", невозможно представить в текущей кодовой странице (1251)
C:\Users\Danya\Documents\Programming\Practice\29\C++\29\better_table.cpp(41,42): warning C4566: символ, представленный универсальным именем символа "\u2524", невозможно представить в текущей кодовой странице (1251)
C:\Users\Danya\Documents\Programming\Practice\29\C++\29\better_table.cpp(42,16): warning C4566: символ, представленный универсальным именем символа "\u2502", невозможно представить в текущей кодовой странице (1251)
C:\Users\Danya\Documents\Programming\Practice\29\C++\29\better_table.cpp(42,44): warning C4566: символ, представленный универсальным именем символа "\u2502", невозможно представить в текущей кодовой странице (1251)
C:\Users\Danya\Documents\Programming\Practice\29\C++\29\better_table.cpp(43,16): warning C4566: символ, представленный универсальным именем символа "\u2502", невозможно представить в текущей кодовой странице (1251)
C:\Users\Danya\Documents\Programming\Practice\29\C++\29\better_table.cpp(44,16): warning C4566: символ, представленный универсальным именем символа "\u2502", невозможно представить в текущей кодовой странице (1251)
C:\Users\Danya\Documents\Programming\Practice\29\C++\29\better_table.cpp(45,16): warning C4566: символ, представленный универсальным именем символа "\u2502", невозможно представить в текущей кодовой странице (1251)
C:\Users\Danya\Documents\Programming\Practice\29\C++\29\better_table.cpp(46,16): warning C4566: символ, представленный универсальным именем символа "\u2502", невозможно представить в текущей кодовой странице (1251)
C:\Users\Danya\Documents\Programming\Practice\29\C++\29\better_table.cpp(47,16): warning C4566: символ, представленный универсальным именем символа "\u2502", невозможно представить в текущей кодовой странице (1251)
C:\Users\Danya\Documents\Programming\Practice\29\C++\29\better_table.cpp(48,16): warning C4566: символ, представленный универсальным именем символа "\u2514", невозможно представить в текущей кодовой странице (1251)
C:\Users\Danya\Documents\Programming\Practice\29\C++\29\better_table.cpp(48,16): warning C4566: символ, представленный универсальным именем символа "\u2500", невозможно представить в текущей кодовой странице (1251)
C:\Users\Danya\Documents\Programming\Practice\29\C++\29\better_table.cpp(48,42): warning C4566: символ, представленный универсальным именем символа "\u2500", невозможно представить в текущей кодовой странице (1251)
C:\Users\Danya\Documents\Programming\Practice\29\C++\29\better_table.cpp(48,42): warning C4566: символ, представленный универсальным именем символа "\u2534", невозможно представить в текущей кодовой странице (1251)
C:\Users\Danya\Documents\Programming\Practice\29\C++\29\better_table.cpp(48,42): warning C4566: символ, представленный универсальным именем символа "\u2518", невозможно представить в текущей кодовой странице (1251)
C:\Users\Danya\Documents\Programming\Practice\29\C++\29\better_table.cpp(72,47): warning C4018: <: несоответствие типов со знаком и без знака
C:\Users\Danya\Documents\Programming\Practice\29\C++\29\better_table.cpp(72,78): warning C4566: символ, представленный универсальным именем символа "\u2500", невозможно представить в текущей кодовой странице (1251)
C:\Users\Danya\Documents\Programming\Practice\29\C++\29\better_table.cpp(73,12): warning C4566: символ, представленный универсальным именем символа "\u250C", невозможно представить в текущей кодовой странице (1251)
C:\Users\Danya\Documents\Programming\Practice\29\C++\29\better_table.cpp(73,12): warning C4566: символ, представленный универсальным именем символа "\u2500", невозможно представить в текущей кодовой странице (1251)
C:\Users\Danya\Documents\Programming\Practice\29\C++\29\better_table.cpp(73,38): warning C4566: символ, представленный универсальным именем символа "\u2500", невозможно представить в текущей кодовой странице (1251)
C:\Users\Danya\Documents\Programming\Practice\29\C++\29\better_table.cpp(73,38): warning C4566: символ, представленный универсальным именем символа "\u252C", невозможно представить в текущей кодовой странице (1251)
C:\Users\Danya\Documents\Programming\Practice\29\C++\29\better_table.cpp(73,38): warning C4566: символ, представленный универсальным именем символа "\u2510", невозможно представить в текущей кодовой странице (1251)
C:\Users\Danya\Documents\Programming\Practice\29\C++\29\better_table.cpp(74,12): warning C4566: символ, представленный универсальным именем символа "\u2502", невозможно представить в текущей кодовой странице (1251)
C:\Users\Danya\Documents\Programming\Practice\29\C++\29\better_table.cpp(75,12): warning C4566: символ, представленный универсальным именем символа "\u2502", невозможно представить в текущей кодовой странице (1251)
C:\Users\Danya\Documents\Programming\Practice\29\C++\29\better_table.cpp(76,12): warning C4566: символ, представленный универсальным именем символа "\u251C", невозможно представить в текущей кодовой странице (1251)
C:\Users\Danya\Documents\Programming\Practice\29\C++\29\better_table.cpp(76,12): warning C4566: символ, представленный универсальным именем символа "\u2500", невозможно представить в текущей кодовой странице (1251)
C:\Users\Danya\Documents\Programming\Practice\29\C++\29\better_table.cpp(76,38): warning C4566: символ, представленный универсальным именем символа "\u2500", невозможно представить в текущей кодовой странице (1251)
C:\Users\Danya\Documents\Programming\Practice\29\C++\29\better_table.cpp(76,38): warning C4566: символ, представленный универсальным именем символа "\u253C", невозможно представить в текущей кодовой странице (1251)
C:\Users\Danya\Documents\Programming\Practice\29\C++\29\better_table.cpp(76,38): warning C4566: символ, представленный универсальным именем символа "\u2524", невозможно представить в текущей кодовой странице (1251)
C:\Users\Danya\Documents\Programming\Practice\29\C++\29\better_table.cpp(79,16): warning C4566: символ, представленный универсальным именем символа "\u2502", невозможно представить в текущей кодовой странице (1251)
C:\Users\Danya\Documents\Programming\Practice\29\C++\29\better_table.cpp(81,16): warning C4566: символ, представленный универсальным именем символа "\u2502", невозможно представить в текущей кодовой странице (1251)
C:\Users\Danya\Documents\Programming\Practice\29\C++\29\better_table.cpp(82,16): warning C4566: символ, представленный универсальным именем символа "\u2502", невозможно представить в текущей кодовой странице (1251)
C:\Users\Danya\Documents\Programming\Practice\29\C++\29\better_table.cpp(83,16): warning C4566: символ, представленный универсальным именем символа "\u2502", невозможно представить в текущей кодовой странице (1251)
C:\Users\Danya\Documents\Programming\Practice\29\C++\29\better_table.cpp(84,16): warning C4566: символ, представленный универсальным именем символа "\u2502", невозможно представить в текущей кодовой странице (1251)
C:\Users\Danya\Documents\Programming\Practice\29\C++\29\better_table.cpp(85,16): warning C4566: символ, представленный универсальным именем символа "\u2502", невозможно представить в текущей кодовой странице (1251)
C:\Users\Danya\Documents\Programming\Practice\29\C++\29\better_table.cpp(86,16): warning C4566: символ, представленный универсальным именем символа "\u2502", невозможно представить в текущей кодовой странице (1251)
C:\Users\Danya\Documents\Programming\Practice\29\C++\29\better_table.cpp(87,16): warning C4566: символ, представленный универсальным именем символа "\u251C", невозможно представить в текущей кодовой странице (1251)
C:\Users\Danya\Documents\Programming\Practice\29\C++\29\better_table.cpp(87,16): warning C4566: символ, представленный универсальным именем символа "\u2500", невозможно представить в текущей кодовой странице (1251)
C:\Users\Danya\Documents\Programming\Practice\29\C++\29\better_table.cpp(87,42): warning C4566: символ, представленный универсальным именем символа "\u2500", невозможно представить в текущей кодовой странице (1251)
C:\Users\Danya\Documents\Programming\Practice\29\C++\29\better_table.cpp(87,42): warning C4566: символ, представленный универсальным именем символа "\u253C", невозможно представить в текущей кодовой странице (1251)
C:\Users\Danya\Documents\Programming\Practice\29\C++\29\better_table.cpp(87,42): warning C4566: символ, представленный универсальным именем символа "\u2524", невозможно представить в текущей кодовой странице (1251)
C:\Users\Danya\Documents\Programming\Practice\29\C++\29\better_table.cpp(89,20): warning C4566: символ, представленный универсальным именем символа "\u2514", невозможно представить в текущей кодовой странице (1251)
C:\Users\Danya\Documents\Programming\Practice\29\C++\29\better_table.cpp(89,20): warning C4566: символ, представленный универсальным именем символа "\u2500", невозможно представить в текущей кодовой странице (1251)
C:\Users\Danya\Documents\Programming\Practice\29\C++\29\better_table.cpp(89,46): warning C4566: символ, представленный универсальным именем символа "\u2500", невозможно представить в текущей кодовой странице (1251)
C:\Users\Danya\Documents\Programming\Practice\29\C++\29\better_table.cpp(89,46): warning C4566: символ, представленный универсальным именем символа "\u2534", невозможно представить в текущей кодовой странице (1251)
C:\Users\Danya\Documents\Programming\Practice\29\C++\29\better_table.cpp(89,46): warning C4566: символ, представленный универсальным именем символа "\u2518", невозможно представить в текущей кодовой странице (1251)
C:\Users\Danya\Documents\Programming\Practice\29\C++\29\better_table.cpp(95,25): warning C4244: аргумент: преобразование "time_t" в "unsigned int", возможна потеря данных
better_table.obj : error LNK2005: _main уже определен в 29.obj
better_table.obj : error LNK2005: "class std::basic_ostream<char,struct std::char_traits<char> > & __cdecl operator<<(class std::basic_ostream<char,struct std::char_traits<char> > &,class std::vector<struct Student,class std::allocator<struct Student> > const &)" (??6@YAAAV?$basic_ostream@DU?$char_traits@D@std@@@std@@AAV01@ABV?$vector@UStudent@@V?$allocator@UStudent@@@std@@@1@@Z) уже определен в 29.obj
C:\Users\Danya\Documents\Programming\Practice\29\C++\29\Release\29.exe : fatal error LNK1169: обнаружен многократно определенный символ - один или более
